<?xml version="1.0" encoding="UTF-8"?>
<testsuite xmlns:xsi="http://www.w3.org/2001/XMLSchema-instance" xsi:noNamespaceSchemaLocation="https://maven.apache.org/surefire/maven-surefire-plugin/xsd/surefire-test-report-3.0.xsd" version="3.0" name="com.fitnesscenter.service.DiscountServiceTest" time="1.914" tests="11" errors="0" skipped="0" failures="0">
  <properties>
    <property name="java.specification.version" value="17"/>
    <property name="sun.cpu.isalist" value="amd64"/>
    <property name="sun.jnu.encoding" value="Cp1251"/>
    <property name="java.class.path" value="C:\Users\admin\IdeaProjects\fitness-center\target\test-classes;C:\Users\admin\IdeaProjects\fitness-center\target\classes;C:\Users\admin\.m2\repository\org\springframework\spring-core\5.3.15\spring-core-5.3.15.jar;C:\Users\admin\.m2\repository\org\springframework\spring-jcl\5.3.15\spring-jcl-5.3.15.jar;C:\Users\admin\.m2\repository\org\springframework\spring-context\5.3.15\spring-context-5.3.15.jar;C:\Users\admin\.m2\repository\org\springframework\spring-aop\5.3.15\spring-aop-5.3.15.jar;C:\Users\admin\.m2\repository\org\springframework\spring-expression\5.3.15\spring-expression-5.3.15.jar;C:\Users\admin\.m2\repository\org\springframework\spring-beans\5.3.15\spring-beans-5.3.15.jar;C:\Users\admin\.m2\repository\org\springframework\spring-webmvc\5.3.15\spring-webmvc-5.3.15.jar;C:\Users\admin\.m2\repository\org\springframework\spring-web\5.3.15\spring-web-5.3.15.jar;C:\Users\admin\.m2\repository\org\springframework\security\spring-security-core\5.6.1\spring-security-core-5.6.1.jar;C:\Users\admin\.m2\repository\org\springframework\security\spring-security-crypto\5.6.1\spring-security-crypto-5.6.1.jar;C:\Users\admin\.m2\repository\org\springframework\security\spring-security-web\5.6.1\spring-security-web-5.6.1.jar;C:\Users\admin\.m2\repository\org\springframework\security\spring-security-config\5.6.1\spring-security-config-5.6.1.jar;C:\Users\admin\.m2\repository\org\springframework\spring-jdbc\5.3.15\spring-jdbc-5.3.15.jar;C:\Users\admin\.m2\repository\org\springframework\spring-tx\5.3.15\spring-tx-5.3.15.jar;C:\Users\admin\.m2\repository\javax\servlet\javax.servlet-api\4.0.1\javax.servlet-api-4.0.1.jar;C:\Users\admin\.m2\repository\javax\annotation\javax.annotation-api\1.3.2\javax.annotation-api-1.3.2.jar;C:\Users\admin\.m2\repository\org\thymeleaf\thymeleaf\3.0.15.RELEASE\thymeleaf-3.0.15.RELEASE.jar;C:\Users\admin\.m2\repository\ognl\ognl\3.1.26\ognl-3.1.26.jar;C:\Users\admin\.m2\repository\org\javassist\javassist\3.20.0-GA\javassist-3.20.0-GA.jar;C:\Users\admin\.m2\repository\org\attoparser\attoparser\2.0.5.RELEASE\attoparser-2.0.5.RELEASE.jar;C:\Users\admin\.m2\repository\org\unbescape\unbescape\1.1.6.RELEASE\unbescape-1.1.6.RELEASE.jar;C:\Users\admin\.m2\repository\org\slf4j\slf4j-api\1.7.25\slf4j-api-1.7.25.jar;C:\Users\admin\.m2\repository\org\thymeleaf\thymeleaf-spring5\3.0.15.RELEASE\thymeleaf-spring5-3.0.15.RELEASE.jar;C:\Users\admin\.m2\repository\org\thymeleaf\extras\thymeleaf-extras-java8time\3.0.4.RELEASE\thymeleaf-extras-java8time-3.0.4.RELEASE.jar;C:\Users\admin\.m2\repository\nz\net\ultraq\thymeleaf\thymeleaf-layout-dialect\3.1.0\thymeleaf-layout-dialect-3.1.0.jar;C:\Users\admin\.m2\repository\org\apache\groovy\groovy\4.0.0\groovy-4.0.0.jar;C:\Users\admin\.m2\repository\nz\net\ultraq\groovy\groovy-extensions\2.0.0\groovy-extensions-2.0.0.jar;C:\Users\admin\.m2\repository\nz\net\ultraq\thymeleaf\thymeleaf-expression-processor\3.1.0\thymeleaf-expression-processor-3.1.0.jar;C:\Users\admin\.m2\repository\org\postgresql\postgresql\42.5.1\postgresql-42.5.1.jar;C:\Users\admin\.m2\repository\org\checkerframework\checker-qual\3.5.0\checker-qual-3.5.0.jar;C:\Users\admin\.m2\repository\org\apache\logging\log4j\log4j-api\2.20.0\log4j-api-2.20.0.jar;C:\Users\admin\.m2\repository\org\apache\logging\log4j\log4j-core\2.20.0\log4j-core-2.20.0.jar;C:\Users\admin\.m2\repository\org\apache\logging\log4j\log4j-slf4j-impl\2.20.0\log4j-slf4j-impl-2.20.0.jar;C:\Users\admin\.m2\repository\at\favre\lib\bcrypt\0.10.2\bcrypt-0.10.2.jar;C:\Users\admin\.m2\repository\at\favre\lib\bytes\1.5.0\bytes-1.5.0.jar;C:\Users\admin\.m2\repository\org\hibernate\validator\hibernate-validator\6.2.5.Final\hibernate-validator-6.2.5.Final.jar;C:\Users\admin\.m2\repository\org\jboss\logging\jboss-logging\3.4.1.Final\jboss-logging-3.4.1.Final.jar;C:\Users\admin\.m2\repository\com\fasterxml\classmate\1.5.1\classmate-1.5.1.jar;C:\Users\admin\.m2\repository\jakarta\validation\jakarta.validation-api\2.0.2\jakarta.validation-api-2.0.2.jar;C:\Users\admin\.m2\repository\org\junit\jupiter\junit-jupiter-api\5.9.1\junit-jupiter-api-5.9.1.jar;C:\Users\admin\.m2\repository\org\opentest4j\opentest4j\1.2.0\opentest4j-1.2.0.jar;C:\Users\admin\.m2\repository\org\junit\platform\junit-platform-commons\1.9.1\junit-platform-commons-1.9.1.jar;C:\Users\admin\.m2\repository\org\apiguardian\apiguardian-api\1.1.2\apiguardian-api-1.1.2.jar;C:\Users\admin\.m2\repository\org\junit\jupiter\junit-jupiter-engine\5.9.1\junit-jupiter-engine-5.9.1.jar;C:\Users\admin\.m2\repository\org\junit\platform\junit-platform-engine\1.9.1\junit-platform-engine-1.9.1.jar;C:\Users\admin\.m2\repository\org\mockito\mockito-core\5.3.1\mockito-core-5.3.1.jar;C:\Users\admin\.m2\repository\net\bytebuddy\byte-buddy\1.14.4\byte-buddy-1.14.4.jar;C:\Users\admin\.m2\repository\net\bytebuddy\byte-buddy-agent\1.14.4\byte-buddy-agent-1.14.4.jar;C:\Users\admin\.m2\repository\org\objenesis\objenesis\3.3\objenesis-3.3.jar;C:\Users\admin\.m2\repository\org\mockito\mockito-junit-jupiter\5.3.1\mockito-junit-jupiter-5.3.1.jar;C:\Users\admin\.m2\repository\org\springframework\spring-test\5.3.15\spring-test-5.3.15.jar;"/>
    <property name="java.vm.vendor" value="Oracle Corporation"/>
    <property name="sun.arch.data.model" value="64"/>
    <property name="user.variant" value=""/>
    <property name="java.vendor.url" value="https://java.oracle.com/"/>
    <property name="user.timezone" value="America/New_York"/>
    <property name="os.name" value="Windows 11"/>
    <property name="java.vm.specification.version" value="17"/>
    <property name="sun.java.launcher" value="SUN_STANDARD"/>
    <property name="user.country" value="US"/>
    <property name="sun.boot.library.path" value="C:\Program Files\Java\jdk-17\bin"/>
    <property name="sun.java.command" value="C:\Users\admin\AppData\Local\Temp\surefire16216694928375377090\surefirebooter-20250613111028590_3.jar C:\Users\admin\AppData\Local\Temp\surefire16216694928375377090 2025-06-13T11-10-28_425-jvmRun1 surefire-20250613111028590_1tmp surefire_0-20250613111028590_2tmp"/>
    <property name="jdk.debug" value="release"/>
    <property name="test" value="DiscountServiceTest"/>
    <property name="surefire.test.class.path" value="C:\Users\admin\IdeaProjects\fitness-center\target\test-classes;C:\Users\admin\IdeaProjects\fitness-center\target\classes;C:\Users\admin\.m2\repository\org\springframework\spring-core\5.3.15\spring-core-5.3.15.jar;C:\Users\admin\.m2\repository\org\springframework\spring-jcl\5.3.15\spring-jcl-5.3.15.jar;C:\Users\admin\.m2\repository\org\springframework\spring-context\5.3.15\spring-context-5.3.15.jar;C:\Users\admin\.m2\repository\org\springframework\spring-aop\5.3.15\spring-aop-5.3.15.jar;C:\Users\admin\.m2\repository\org\springframework\spring-expression\5.3.15\spring-expression-5.3.15.jar;C:\Users\admin\.m2\repository\org\springframework\spring-beans\5.3.15\spring-beans-5.3.15.jar;C:\Users\admin\.m2\repository\org\springframework\spring-webmvc\5.3.15\spring-webmvc-5.3.15.jar;C:\Users\admin\.m2\repository\org\springframework\spring-web\5.3.15\spring-web-5.3.15.jar;C:\Users\admin\.m2\repository\org\springframework\security\spring-security-core\5.6.1\spring-security-core-5.6.1.jar;C:\Users\admin\.m2\repository\org\springframework\security\spring-security-crypto\5.6.1\spring-security-crypto-5.6.1.jar;C:\Users\admin\.m2\repository\org\springframework\security\spring-security-web\5.6.1\spring-security-web-5.6.1.jar;C:\Users\admin\.m2\repository\org\springframework\security\spring-security-config\5.6.1\spring-security-config-5.6.1.jar;C:\Users\admin\.m2\repository\org\springframework\spring-jdbc\5.3.15\spring-jdbc-5.3.15.jar;C:\Users\admin\.m2\repository\org\springframework\spring-tx\5.3.15\spring-tx-5.3.15.jar;C:\Users\admin\.m2\repository\javax\servlet\javax.servlet-api\4.0.1\javax.servlet-api-4.0.1.jar;C:\Users\admin\.m2\repository\javax\annotation\javax.annotation-api\1.3.2\javax.annotation-api-1.3.2.jar;C:\Users\admin\.m2\repository\org\thymeleaf\thymeleaf\3.0.15.RELEASE\thymeleaf-3.0.15.RELEASE.jar;C:\Users\admin\.m2\repository\ognl\ognl\3.1.26\ognl-3.1.26.jar;C:\Users\admin\.m2\repository\org\javassist\javassist\3.20.0-GA\javassist-3.20.0-GA.jar;C:\Users\admin\.m2\repository\org\attoparser\attoparser\2.0.5.RELEASE\attoparser-2.0.5.RELEASE.jar;C:\Users\admin\.m2\repository\org\unbescape\unbescape\1.1.6.RELEASE\unbescape-1.1.6.RELEASE.jar;C:\Users\admin\.m2\repository\org\slf4j\slf4j-api\1.7.25\slf4j-api-1.7.25.jar;C:\Users\admin\.m2\repository\org\thymeleaf\thymeleaf-spring5\3.0.15.RELEASE\thymeleaf-spring5-3.0.15.RELEASE.jar;C:\Users\admin\.m2\repository\org\thymeleaf\extras\thymeleaf-extras-java8time\3.0.4.RELEASE\thymeleaf-extras-java8time-3.0.4.RELEASE.jar;C:\Users\admin\.m2\repository\nz\net\ultraq\thymeleaf\thymeleaf-layout-dialect\3.1.0\thymeleaf-layout-dialect-3.1.0.jar;C:\Users\admin\.m2\repository\org\apache\groovy\groovy\4.0.0\groovy-4.0.0.jar;C:\Users\admin\.m2\repository\nz\net\ultraq\groovy\groovy-extensions\2.0.0\groovy-extensions-2.0.0.jar;C:\Users\admin\.m2\repository\nz\net\ultraq\thymeleaf\thymeleaf-expression-processor\3.1.0\thymeleaf-expression-processor-3.1.0.jar;C:\Users\admin\.m2\repository\org\postgresql\postgresql\42.5.1\postgresql-42.5.1.jar;C:\Users\admin\.m2\repository\org\checkerframework\checker-qual\3.5.0\checker-qual-3.5.0.jar;C:\Users\admin\.m2\repository\org\apache\logging\log4j\log4j-api\2.20.0\log4j-api-2.20.0.jar;C:\Users\admin\.m2\repository\org\apache\logging\log4j\log4j-core\2.20.0\log4j-core-2.20.0.jar;C:\Users\admin\.m2\repository\org\apache\logging\log4j\log4j-slf4j-impl\2.20.0\log4j-slf4j-impl-2.20.0.jar;C:\Users\admin\.m2\repository\at\favre\lib\bcrypt\0.10.2\bcrypt-0.10.2.jar;C:\Users\admin\.m2\repository\at\favre\lib\bytes\1.5.0\bytes-1.5.0.jar;C:\Users\admin\.m2\repository\org\hibernate\validator\hibernate-validator\6.2.5.Final\hibernate-validator-6.2.5.Final.jar;C:\Users\admin\.m2\repository\org\jboss\logging\jboss-logging\3.4.1.Final\jboss-logging-3.4.1.Final.jar;C:\Users\admin\.m2\repository\com\fasterxml\classmate\1.5.1\classmate-1.5.1.jar;C:\Users\admin\.m2\repository\jakarta\validation\jakarta.validation-api\2.0.2\jakarta.validation-api-2.0.2.jar;C:\Users\admin\.m2\repository\org\junit\jupiter\junit-jupiter-api\5.9.1\junit-jupiter-api-5.9.1.jar;C:\Users\admin\.m2\repository\org\opentest4j\opentest4j\1.2.0\opentest4j-1.2.0.jar;C:\Users\admin\.m2\repository\org\junit\platform\junit-platform-commons\1.9.1\junit-platform-commons-1.9.1.jar;C:\Users\admin\.m2\repository\org\apiguardian\apiguardian-api\1.1.2\apiguardian-api-1.1.2.jar;C:\Users\admin\.m2\repository\org\junit\jupiter\junit-jupiter-engine\5.9.1\junit-jupiter-engine-5.9.1.jar;C:\Users\admin\.m2\repository\org\junit\platform\junit-platform-engine\1.9.1\junit-platform-engine-1.9.1.jar;C:\Users\admin\.m2\repository\org\mockito\mockito-core\5.3.1\mockito-core-5.3.1.jar;C:\Users\admin\.m2\repository\net\bytebuddy\byte-buddy\1.14.4\byte-buddy-1.14.4.jar;C:\Users\admin\.m2\repository\net\bytebuddy\byte-buddy-agent\1.14.4\byte-buddy-agent-1.14.4.jar;C:\Users\admin\.m2\repository\org\objenesis\objenesis\3.3\objenesis-3.3.jar;C:\Users\admin\.m2\repository\org\mockito\mockito-junit-jupiter\5.3.1\mockito-junit-jupiter-5.3.1.jar;C:\Users\admin\.m2\repository\org\springframework\spring-test\5.3.15\spring-test-5.3.15.jar;"/>
    <property name="sun.cpu.endian" value="little"/>
    <property name="user.home" value="C:\Users\admin"/>
    <property name="user.language" value="en"/>
    <property name="java.specification.vendor" value="Oracle Corporation"/>
    <property name="java.version.date" value="2024-07-16"/>
    <property name="java.home" value="C:\Program Files\Java\jdk-17"/>
    <property name="file.separator" value="\"/>
    <property name="basedir" value="C:\Users\admin\IdeaProjects\fitness-center"/>
    <property name="java.vm.compressedOopsMode" value="Zero based"/>
    <property name="line.separator" value="&#10;"/>
    <property name="java.vm.specification.vendor" value="Oracle Corporation"/>
    <property name="java.specification.name" value="Java Platform API Specification"/>
    <property name="surefire.real.class.path" value="C:\Users\admin\AppData\Local\Temp\surefire16216694928375377090\surefirebooter-20250613111028590_3.jar"/>
    <property name="user.script" value=""/>
    <property name="sun.management.compiler" value="HotSpot 64-Bit Tiered Compilers"/>
    <property name="java.runtime.version" value="17.0.12+8-LTS-286"/>
    <property name="user.name" value="admin"/>
    <property name="path.separator" value=";"/>
    <property name="os.version" value="10.0"/>
    <property name="java.runtime.name" value="Java(TM) SE Runtime Environment"/>
    <property name="file.encoding" value="Cp1251"/>
    <property name="java.vm.name" value="Java HotSpot(TM) 64-Bit Server VM"/>
    <property name="localRepository" value="C:\Users\admin\.m2\repository"/>
    <property name="java.vendor.url.bug" value="https://bugreport.java.com/bugreport/"/>
    <property name="java.io.tmpdir" value="C:\Users\admin\AppData\Local\Temp\"/>
    <property name="java.version" value="17.0.12"/>
    <property name="user.dir" value="C:\Users\admin\IdeaProjects\fitness-center"/>
    <property name="os.arch" value="amd64"/>
    <property name="java.vm.specification.name" value="Java Virtual Machine Specification"/>
    <property name="sun.os.patch.level" value=""/>
    <property name="native.encoding" value="Cp1251"/>
    <property name="java.library.path" value="C:\Program Files\Java\jdk-17\bin;C:\WINDOWS\Sun\Java\bin;C:\WINDOWS\system32;C:\WINDOWS;C:\Program Files\Java\jdk-17\bin;C:\Program Files\Java\jdk1.8.0_202\bin;C:\Program Files\apache-maven-3.9.9\bin;C:\Program Files (x86)\Common Files\Oracle\Java\java8path;C:\Program Files (x86)\Common Files\Oracle\Java\javapath;&quot;C:\Program Files\Git\cmd;C:\WINDOWS\system32;C:\WINDOWS;C:\WINDOWS\System32\Wbem;C:\WINDOWS\System32\WindowsPowerShell\v1.0\;C:\WINDOWS\System32\OpenSSH\;&quot;;C:\Users\admin\.dotnet\tools;C:\Program Files\dotnet\;C:\Users\admin\AppData\Local\Programs\Microsoft VS Code\bin;C:\ProgramData\Git\config;C:\Program Files\Git\cmd;C:\Program Files\nodejs\;;C:\Program Files\Git LFS;C:\Program Files\Docker\Docker\resources\bin;&quot;C:\Program Files\Java\jdk-23\bin;C:\Program Files\Git\bin&quot;;C:\Users\admin\.dotnet\tools;C:\Users\admin\AppData\Local\Programs\Microsoft VS Code\bin;C:\Users\admin\AppData\Local\Microsoft\WindowsApps;C:\Users\admin\AppData\Roaming\npm;C:\Program Files\JetBrains\WebStorm 2024.3.1\bin;C:\Users\admin\AppData\Local\JetBrains\Toolbox\scripts;;C:\Program Files\JetBrains\IntelliJ IDEA 2024.3.5\bin;;C:\Users\admin\AppData\Local\Microsoft\WindowsApps;."/>
    <property name="java.vm.info" value="mixed mode, sharing"/>
    <property name="java.vendor" value="Oracle Corporation"/>
    <property name="java.vm.version" value="17.0.12+8-LTS-286"/>
    <property name="sun.io.unicode.encoding" value="UnicodeLittle"/>
    <property name="java.class.version" value="61.0"/>
  </properties>
  <testcase name="testSaveDiscountRule" classname="com.fitnesscenter.service.DiscountServiceTest" time="1.804">
    <system-out><![CDATA[11:10:30.926 [main] INFO  com.fitnesscenter.service.impl.DiscountServiceImpl - DiscountServiceImpl initialized
11:10:30.973 [main] DEBUG com.fitnesscenter.service.impl.DiscountServiceImpl - Saving discount rule: DiscountRule{id=1, name='Regular Loyalty', accountType=AccountType{id=1, name='REGULAR', description='Regular account'}, minCompletedCycles=3, discountPercentage=5.00, active=true}
]]></system-out>
  </testcase>
  <testcase name="testApplyDiscount" classname="com.fitnesscenter.service.DiscountServiceTest" time="0.006">
    <system-out><![CDATA[11:10:31.021 [main] INFO  com.fitnesscenter.service.impl.DiscountServiceImpl - DiscountServiceImpl initialized
11:10:31.022 [main] DEBUG com.fitnesscenter.service.impl.DiscountServiceImpl - Applying discount to price 100.00 for client ID: 1
11:10:31.023 [main] DEBUG com.fitnesscenter.service.impl.DiscountServiceImpl - Calculating discount for client ID: 1
11:10:31.023 [main] DEBUG com.fitnesscenter.service.impl.DiscountServiceImpl - Applied discount rule: Regular Loyalty with percentage: 5.00 for client ID: 1
11:10:31.024 [main] DEBUG com.fitnesscenter.service.impl.DiscountServiceImpl - Applied discount of 5.00% (5.00). Original price: 100.00, Final price: 95.00
]]></system-out>
  </testcase>
  <testcase name="testApplyDiscount_ZeroPrice" classname="com.fitnesscenter.service.DiscountServiceTest" time="0.007">
    <system-out><![CDATA[11:10:31.032 [main] INFO  com.fitnesscenter.service.impl.DiscountServiceImpl - DiscountServiceImpl initialized
11:10:31.033 [main] DEBUG com.fitnesscenter.service.impl.DiscountServiceImpl - Applying discount to price 0 for client ID: 1
11:10:31.033 [main] WARN  com.fitnesscenter.service.impl.DiscountServiceImpl - Invalid original price: 0
]]></system-out>
  </testcase>
  <testcase name="testFindAccountTypeById_Exists" classname="com.fitnesscenter.service.DiscountServiceTest" time="0.007">
    <system-out><![CDATA[11:10:31.038 [main] INFO  com.fitnesscenter.service.impl.DiscountServiceImpl - DiscountServiceImpl initialized
11:10:31.040 [main] DEBUG com.fitnesscenter.service.impl.DiscountServiceImpl - Finding account type by ID: 1
]]></system-out>
  </testcase>
  <testcase name="testCalculateDiscountForClient_WithEligibleDiscount" classname="com.fitnesscenter.service.DiscountServiceTest" time="0.006">
    <system-out><![CDATA[11:10:31.046 [main] INFO  com.fitnesscenter.service.impl.DiscountServiceImpl - DiscountServiceImpl initialized
11:10:31.047 [main] DEBUG com.fitnesscenter.service.impl.DiscountServiceImpl - Calculating discount for client ID: 1
11:10:31.048 [main] DEBUG com.fitnesscenter.service.impl.DiscountServiceImpl - Applied discount rule: Regular Loyalty with percentage: 5.00 for client ID: 1
]]></system-out>
  </testcase>
  <testcase name="testCalculateDiscountForClient_NoEligibleDiscount" classname="com.fitnesscenter.service.DiscountServiceTest" time="0.008">
    <system-out><![CDATA[11:10:31.054 [main] INFO  com.fitnesscenter.service.impl.DiscountServiceImpl - DiscountServiceImpl initialized
11:10:31.056 [main] DEBUG com.fitnesscenter.service.impl.DiscountServiceImpl - Calculating discount for client ID: 1
11:10:31.057 [main] DEBUG com.fitnesscenter.service.impl.DiscountServiceImpl - No discount rule applies for client ID: 1
]]></system-out>
  </testcase>
  <testcase name="testFindAccountTypeById_NotExists" classname="com.fitnesscenter.service.DiscountServiceTest" time="0.006">
    <system-out><![CDATA[11:10:31.062 [main] INFO  com.fitnesscenter.service.impl.DiscountServiceImpl - DiscountServiceImpl initialized
11:10:31.063 [main] DEBUG com.fitnesscenter.service.impl.DiscountServiceImpl - Finding account type by ID: 999
]]></system-out>
  </testcase>
  <testcase name="testFindAllAccountTypes" classname="com.fitnesscenter.service.DiscountServiceTest" time="0.004">
    <system-out><![CDATA[11:10:31.068 [main] INFO  com.fitnesscenter.service.impl.DiscountServiceImpl - DiscountServiceImpl initialized
11:10:31.069 [main] DEBUG com.fitnesscenter.service.impl.DiscountServiceImpl - Finding all account types
]]></system-out>
  </testcase>
  <testcase name="testCalculateDiscountForClient_NonexistentClient" classname="com.fitnesscenter.service.DiscountServiceTest" time="0.005">
    <system-out><![CDATA[11:10:31.073 [main] INFO  com.fitnesscenter.service.impl.DiscountServiceImpl - DiscountServiceImpl initialized
11:10:31.074 [main] DEBUG com.fitnesscenter.service.impl.DiscountServiceImpl - Calculating discount for client ID: 999
11:10:31.075 [main] WARN  com.fitnesscenter.service.impl.DiscountServiceImpl - Client profile not found for user ID: 999
]]></system-out>
  </testcase>
  <testcase name="testUpdateClientAccountType_NonexistentAccountType" classname="com.fitnesscenter.service.DiscountServiceTest" time="0.004">
    <system-out><![CDATA[11:10:31.078 [main] INFO  com.fitnesscenter.service.impl.DiscountServiceImpl - DiscountServiceImpl initialized
11:10:31.079 [main] DEBUG com.fitnesscenter.service.impl.DiscountServiceImpl - Updating client account type. User ID: 1, Account type ID: 999
11:10:31.080 [main] WARN  com.fitnesscenter.service.impl.DiscountServiceImpl - Account type with ID: 999 not found
]]></system-out>
  </testcase>
  <testcase name="testUpdateClientAccountType_Success" classname="com.fitnesscenter.service.DiscountServiceTest" time="0.004">
    <system-out><![CDATA[11:10:31.084 [main] INFO  com.fitnesscenter.service.impl.DiscountServiceImpl - DiscountServiceImpl initialized
11:10:31.085 [main] DEBUG com.fitnesscenter.service.impl.DiscountServiceImpl - Updating client account type. User ID: 1, Account type ID: 2
]]></system-out>
  </testcase>
</testsuite>